<?xml version="1.0" encoding="UTF-8"?>
<!-- Generated by org.testng.reporters.JUnitReportReporter -->
<testsuite hostname="Athira" failures="0" tests="2" name="com.sevenrmartsupermart.tests.HomeTest" time="6.948" errors="0" timestamp="2024-11-21T12:02:24 IST" skipped="0">
  <testcase classname="com.sevenrmartsupermart.tests.HomeTest" name="verifyAdminUserLogin" time="2.852"/>
  <system-out/>
  <testcase classname="com.sevenrmartsupermart.tests.HomeTest" name="subCategoryVerification" time="4.096"/>
  <system-out/>
</testsuite> <!-- com.sevenrmartsupermart.tests.HomeTest -->
