<?xml version="1.0" encoding="UTF-8"?>
<!-- Generated by org.testng.reporters.JUnitReportReporter -->
<testsuite hostname="Athira" failures="0" tests="1" name="com.sevenrmartsupermart.tests.HomeTest" time="9.674" errors="0" timestamp="2024-11-27T18:35:53 IST" skipped="0">
  <testcase classname="com.sevenrmartsupermart.tests.HomeTest" name="verifysubCategory" time="9.674"/>
  <system-out/>
</testsuite> <!-- com.sevenrmartsupermart.tests.HomeTest -->
