<?xml version="1.0" encoding="UTF-8"?>
<!-- Generated by org.testng.reporters.JUnitReportReporter -->
<testsuite hostname="Athira" failures="0" tests="1" name="com.sevenrmartsupermart.tests.AdminUserTest" time="9.453" errors="0" timestamp="2024-11-30T18:45:33 IST" skipped="0">
  <testcase classname="com.sevenrmartsupermart.tests.AdminUserTest" name="verifydeleteButtonFunctionality" time="9.453"/>
  <system-out/>
</testsuite> <!-- com.sevenrmartsupermart.tests.AdminUserTest -->
