<?xml version="1.0" encoding="UTF-8"?>
<!-- Generated by org.testng.reporters.JUnitReportReporter -->
<testsuite hostname="Athira" failures="0" tests="2" name="com.sevenrmartsupermart.tests.SubCategoryTest" time="14.999" errors="0" timestamp="2024-11-21T17:31:10 IST" skipped="0">
  <testcase classname="com.sevenrmartsupermart.tests.SubCategoryTest" name="verifySearchResultByDataProvider" time="6.296"/>
  <system-out/>
  <testcase classname="com.sevenrmartsupermart.tests.SubCategoryTest" name="verifySearchResultByDataProvider" time="8.703"/>
  <system-out/>
</testsuite> <!-- com.sevenrmartsupermart.tests.SubCategoryTest -->
