<?xml version="1.0" encoding="UTF-8"?>
<!-- Generated by org.testng.reporters.JUnitReportReporter -->
<testsuite hostname="Athira" failures="0" tests="2" name="com.sevenrmartsupermart.tests.HomeTest" time="5.720" errors="0" timestamp="2024-12-01T19:47:18 IST" skipped="1">
  <testcase classname="com.sevenrmartsupermart.tests.HomeTest" name="verifyAdminUserLogin" time="5.720"/>
  <system-out/>
  <testcase classname="com.sevenrmartsupermart.tests.HomeTest" name="verifySubCategoryPage">
    <skipped/>
  </testcase> <!-- verifySubCategoryPage -->
  <system-out/>
</testsuite> <!-- com.sevenrmartsupermart.tests.HomeTest -->
