<?xml version="1.0" encoding="UTF-8"?>
<!-- Generated by org.testng.reporters.JUnitReportReporter -->
<testsuite hostname="Athira" failures="0" tests="1" name="com.sevenrmartsupermart.tests.SubCategoryTest" time="6.284" errors="0" timestamp="2024-11-27T19:07:58 IST" skipped="0">
  <testcase classname="com.sevenrmartsupermart.tests.SubCategoryTest" name="verifyNamesInSubCategoryList" time="6.284"/>
  <system-out/>
</testsuite> <!-- com.sevenrmartsupermart.tests.SubCategoryTest -->
