<?xml version="1.0" encoding="UTF-8"?>
<!-- Generated by org.testng.reporters.JUnitReportReporter -->
<testsuite hostname="Athira" failures="0" tests="2" name="com.sevenrmartsupermart.tests.LoginTest" time="17.546" errors="0" timestamp="2024-12-02T20:27:23 IST" skipped="0">
  <testcase classname="com.sevenrmartsupermart.tests.LoginTest" name="loginWithWrongData" time="8.893"/>
  <system-out/>
  <testcase classname="com.sevenrmartsupermart.tests.LoginTest" name="verifyAdminUserLogin" time="8.653"/>
  <system-out/>
</testsuite> <!-- com.sevenrmartsupermart.tests.LoginTest -->
